<?xml version="1.0" encoding="UTF-8"?>
<testng-results ignored="0" total="8" passed="7" failed="0" skipped="1">
  <reporter-output>
    <line>
      <![CDATA[Reporter.log: Failed test>> Screenshot link]]>
    </line>
    <line>
      <![CDATA[Reporter.log  Screenshot link ]]>
    </line>
    <line>
      <![CDATA[  <a href="C:\automation\screenshots\sample.png">   Screenshotlink opening same window </a>]]>
    </line>
    <line>
      <![CDATA[  <a href="C:\automation\screenshots\sample.png" target="_blank">   Screenshotlink opening in new window </a>]]>
    </line>
    <line>
      <![CDATA[<br>]]>
    </line>
    <line>
      <![CDATA[  <a href="C:\automation\screenshots\sample.png" target="_blank">  <img height=200 width=200 src="C:\automation\screenshots\sample.png">    </a>]]>
    </line>
    <line>
      <![CDATA[loginAsBankManager-Login successfully executed]]>
    </line>
  </reporter-output>
  <suite started-at="2022-02-03T08:54:02Z" name="Suite" finished-at="2022-02-03T08:54:21Z" duration-ms="18973">
    <groups>
    </groups>
    <test started-at="2022-02-03T08:54:02Z" name="Bank Manager Login Test" finished-at="2022-02-03T08:54:06Z" duration-ms="3742">
      <class name="testcases.TC1BankManagerLogin">
        <test-method signature="tc1BankManagerLogin()[pri:0, instance:testcases.TC1BankManagerLogin@41aaedaa]" started-at="2022-02-03T08:54:02Z" name="tc1BankManagerLogin" finished-at="2022-02-03T08:54:06Z" duration-ms="3717" status="PASS">
          <reporter-output>
            <line>
              <![CDATA[Reporter.log: Failed test>> Screenshot link]]>
            </line>
            <line>
              <![CDATA[Reporter.log  Screenshot link ]]>
            </line>
            <line>
              <![CDATA[  <a href="C:\automation\screenshots\sample.png">   Screenshotlink opening same window </a>]]>
            </line>
            <line>
              <![CDATA[  <a href="C:\automation\screenshots\sample.png" target="_blank">   Screenshotlink opening in new window </a>]]>
            </line>
            <line>
              <![CDATA[<br>]]>
            </line>
            <line>
              <![CDATA[  <a href="C:\automation\screenshots\sample.png" target="_blank">  <img height=200 width=200 src="C:\automation\screenshots\sample.png">    </a>]]>
            </line>
            <line>
              <![CDATA[loginAsBankManager-Login successfully executed]]>
            </line>
          </reporter-output>
        </test-method> <!-- tc1BankManagerLogin -->
      </class> <!-- testcases.TC1BankManagerLogin -->
    </test> <!-- Bank Manager Login Test -->
    <test started-at="2022-02-03T08:54:06Z" name="Add Customer Test" finished-at="2022-02-03T08:54:18Z" duration-ms="12272">
      <class name="testcases.TC2AddCustomer">
        <test-method signature="tc2AddCustomer(java.util.Hashtable)[pri:0, instance:testcases.TC2AddCustomer@47f08b81]" started-at="2022-02-03T08:54:06Z" name="tc2AddCustomer" data-provider="dp" finished-at="2022-02-03T08:54:09Z" duration-ms="3304" status="PASS">
          <params>
            <param index="0">
              <value>
                <![CDATA[{alerttext=Customer added successfully, postcode=dfdsf, lastname=Sharma, runmode=Y, firstname=anish}]]>
              </value>
            </param>
          </params>
          <reporter-output>
          </reporter-output>
        </test-method> <!-- tc2AddCustomer -->
        <test-method signature="tc2AddCustomer(java.util.Hashtable)[pri:0, instance:testcases.TC2AddCustomer@47f08b81]" started-at="2022-02-03T08:54:09Z" name="tc2AddCustomer" data-provider="dp" finished-at="2022-02-03T08:54:09Z" duration-ms="2" status="SKIP">
          <params>
            <param index="0">
              <value>
                <![CDATA[{alerttext=Customer added successfully, postcode=fgfg, lastname=Jacob, runmode=N, firstname=Anita}]]>
              </value>
            </param>
          </params>
          <exception class="org.testng.SkipException">
            <message>
              <![CDATA[Skipping the test case as the Run mode for data set is NO]]>
            </message>
            <full-stacktrace>
              <![CDATA[org.testng.SkipException: Skipping the test case as the Run mode for data set is NO
at testcases.TC2AddCustomer.tc2AddCustomer(TC2AddCustomer.java:35)
at java.base/jdk.internal.reflect.NativeMethodAccessorImpl.invoke0(Native Method)
at java.base/jdk.internal.reflect.NativeMethodAccessorImpl.invoke(NativeMethodAccessorImpl.java:78)
at java.base/jdk.internal.reflect.DelegatingMethodAccessorImpl.invoke(DelegatingMethodAccessorImpl.java:43)
at java.base/java.lang.reflect.Method.invoke(Method.java:567)
at org.testng.internal.MethodInvocationHelper.invokeMethod(MethodInvocationHelper.java:124)
at org.testng.internal.Invoker.invokeMethod(Invoker.java:583)
at org.testng.internal.Invoker.invokeTestMethod(Invoker.java:719)
at org.testng.internal.Invoker.invokeTestMethods(Invoker.java:989)
at org.testng.internal.TestMethodWorker.invokeTestMethods(TestMethodWorker.java:125)
at org.testng.internal.TestMethodWorker.run(TestMethodWorker.java:109)
at org.testng.TestRunner.privateRun(TestRunner.java:648)
at org.testng.TestRunner.run(TestRunner.java:505)
at org.testng.SuiteRunner.runTest(SuiteRunner.java:455)
at org.testng.SuiteRunner.runSequentially(SuiteRunner.java:450)
at org.testng.SuiteRunner.privateRun(SuiteRunner.java:415)
at org.testng.SuiteRunner.run(SuiteRunner.java:364)
at org.testng.SuiteRunnerWorker.runSuite(SuiteRunnerWorker.java:52)
at org.testng.SuiteRunnerWorker.run(SuiteRunnerWorker.java:84)
at org.testng.TestNG.runSuitesSequentially(TestNG.java:1208)
at org.testng.TestNG.runSuitesLocally(TestNG.java:1137)
at org.testng.TestNG.runSuites(TestNG.java:1049)
at org.testng.TestNG.run(TestNG.java:1017)
at org.testng.remote.AbstractRemoteTestNG.run(AbstractRemoteTestNG.java:115)
at org.testng.remote.RemoteTestNG.initAndRun(RemoteTestNG.java:251)
at org.testng.remote.RemoteTestNG.main(RemoteTestNG.java:77)
]]>
            </full-stacktrace>
          </exception> <!-- org.testng.SkipException -->
          <reporter-output>
          </reporter-output>
        </test-method> <!-- tc2AddCustomer -->
        <test-method signature="tc2AddCustomer(java.util.Hashtable)[pri:0, instance:testcases.TC2AddCustomer@47f08b81]" started-at="2022-02-03T08:54:09Z" name="tc2AddCustomer" data-provider="dp" finished-at="2022-02-03T08:54:12Z" duration-ms="2230" status="PASS">
          <params>
            <param index="0">
              <value>
                <![CDATA[{alerttext=Customer added successfully, postcode=ghgf, lastname=Kulkarni, runmode=Y, firstname=Nita}]]>
              </value>
            </param>
          </params>
          <reporter-output>
          </reporter-output>
        </test-method> <!-- tc2AddCustomer -->
        <test-method signature="tc2AddCustomer(java.util.Hashtable)[pri:0, instance:testcases.TC2AddCustomer@47f08b81]" started-at="2022-02-03T08:54:12Z" name="tc2AddCustomer" data-provider="dp" finished-at="2022-02-03T08:54:14Z" duration-ms="2239" status="PASS">
          <params>
            <param index="0">
              <value>
                <![CDATA[{alerttext=Customer added successfully, postcode=hgg, lastname=Parv, runmode=Y, firstname=Rajiv}]]>
              </value>
            </param>
          </params>
          <reporter-output>
          </reporter-output>
        </test-method> <!-- tc2AddCustomer -->
        <test-method signature="tc2AddCustomer(java.util.Hashtable)[pri:0, instance:testcases.TC2AddCustomer@47f08b81]" started-at="2022-02-03T08:54:14Z" name="tc2AddCustomer" data-provider="dp" finished-at="2022-02-03T08:54:16Z" duration-ms="2240" status="PASS">
          <params>
            <param index="0">
              <value>
                <![CDATA[{alerttext=Customer added successfully, postcode=hjh, lastname=River, runmode=Y, firstname=Ganga}]]>
              </value>
            </param>
          </params>
          <reporter-output>
          </reporter-output>
        </test-method> <!-- tc2AddCustomer -->
        <test-method signature="tc2AddCustomer(java.util.Hashtable)[pri:0, instance:testcases.TC2AddCustomer@47f08b81]" started-at="2022-02-03T08:54:16Z" name="tc2AddCustomer" data-provider="dp" finished-at="2022-02-03T08:54:18Z" duration-ms="2195" status="PASS">
          <params>
            <param index="0">
              <value>
                <![CDATA[{alerttext=Customer added successfully, postcode=mhjk, lastname=Sankar, runmode=Y, firstname=Dev}]]>
              </value>
            </param>
          </params>
          <reporter-output>
          </reporter-output>
        </test-method> <!-- tc2AddCustomer -->
      </class> <!-- testcases.TC2AddCustomer -->
    </test> <!-- Add Customer Test -->
    <test started-at="2022-02-03T08:54:18Z" name="Open Account Test" finished-at="2022-02-03T08:54:21Z" duration-ms="2649">
      <class name="testcases.TC3OpenAccount">
        <test-method is-config="true" signature="setUp()[pri:0, instance:testcases.TC3OpenAccount@5116ac09]" started-at="2022-02-03T08:53:58Z" name="setUp" finished-at="2022-02-03T08:54:02Z" duration-ms="3853" status="PASS">
          <reporter-output>
          </reporter-output>
        </test-method> <!-- setUp -->
        <test-method signature="tc3OpenAccount(java.util.Hashtable)[pri:0, instance:testcases.TC3OpenAccount@5116ac09]" started-at="2022-02-03T08:54:18Z" name="tc3OpenAccount" data-provider="dp" finished-at="2022-02-03T08:54:21Z" duration-ms="2640" status="PASS">
          <params>
            <param index="0">
              <value>
                <![CDATA[{currency=Rupee, customer=anish Sharma}]]>
              </value>
            </param>
          </params>
          <reporter-output>
          </reporter-output>
        </test-method> <!-- tc3OpenAccount -->
        <test-method is-config="true" signature="tearDown()[pri:0, instance:testcases.TC3OpenAccount@5116ac09]" started-at="2022-02-03T08:54:21Z" name="tearDown" finished-at="2022-02-03T08:54:21Z" duration-ms="170" status="PASS">
          <reporter-output>
          </reporter-output>
        </test-method> <!-- tearDown -->
      </class> <!-- testcases.TC3OpenAccount -->
    </test> <!-- Open Account Test -->
  </suite> <!-- Suite -->
</testng-results>
