<?xml version="1.0" encoding="UTF-8"?>
<testng-results ignored="2" total="9" passed="7" failed="0" skipped="0">
  <reporter-output>
    <line>
      <![CDATA[Reporter.log: Failed test>> Screenshot link]]>
    </line>
    <line>
      <![CDATA[Reporter.log  Screenshot link ]]>
    </line>
    <line>
      <![CDATA[  <a href="C:\automation\screenshots\sample.png">   Screenshotlink opening same window </a>]]>
    </line>
    <line>
      <![CDATA[  <a href="C:\automation\screenshots\sample.png" target="_blank">   Screenshotlink opening in new window </a>]]>
    </line>
    <line>
      <![CDATA[<br>]]>
    </line>
    <line>
      <![CDATA[  <a href="C:\automation\screenshots\sample.png" target="_blank">  <img height=200 width=200 src="C:\automation\screenshots\sample.png">    </a>]]>
    </line>
    <line>
      <![CDATA[Login successfully executed]]>
    </line>
  </reporter-output>
  <suite started-at="2022-02-03T03:33:13Z" name="Suite" finished-at="2022-02-03T03:33:16Z" duration-ms="2791">
    <groups>
    </groups>
    <test started-at="2022-02-03T03:33:13Z" name="Test" finished-at="2022-02-03T03:33:16Z" duration-ms="2791">
      <class name="testcases.TC1BankManagerLogin">
        <test-method is-config="true" signature="setUp()[pri:0, instance:testcases.TC1BankManagerLogin@1556f2dd]" started-at="2022-02-03T03:33:09Z" name="setUp" finished-at="2022-02-03T03:33:13Z" duration-ms="3767" status="PASS">
          <reporter-output>
          </reporter-output>
        </test-method> <!-- setUp -->
        <test-method signature="loginAsBankManager()[pri:0, instance:testcases.TC1BankManagerLogin@1556f2dd]" started-at="2022-02-03T03:33:13Z" name="loginAsBankManager" finished-at="2022-02-03T03:33:14Z" duration-ms="1016" status="PASS">
          <reporter-output>
            <line>
              <![CDATA[Reporter.log: Failed test>> Screenshot link]]>
            </line>
            <line>
              <![CDATA[Reporter.log  Screenshot link ]]>
            </line>
            <line>
              <![CDATA[  <a href="C:\automation\screenshots\sample.png">   Screenshotlink opening same window </a>]]>
            </line>
            <line>
              <![CDATA[  <a href="C:\automation\screenshots\sample.png" target="_blank">   Screenshotlink opening in new window </a>]]>
            </line>
            <line>
              <![CDATA[<br>]]>
            </line>
            <line>
              <![CDATA[  <a href="C:\automation\screenshots\sample.png" target="_blank">  <img height=200 width=200 src="C:\automation\screenshots\sample.png">    </a>]]>
            </line>
            <line>
              <![CDATA[Login successfully executed]]>
            </line>
          </reporter-output>
        </test-method> <!-- loginAsBankManager -->
        <test-method is-config="true" signature="tearDown()[pri:0, instance:testcases.TC1BankManagerLogin@1556f2dd]" started-at="2022-02-03T03:33:16Z" name="tearDown" finished-at="2022-02-03T03:33:16Z" duration-ms="177" status="PASS">
          <reporter-output>
          </reporter-output>
        </test-method> <!-- tearDown -->
      </class> <!-- testcases.TC1BankManagerLogin -->
      <class name="testcases.TC2AddCustomer">
        <test-method signature="TC2addCustomer(java.util.Hashtable)[pri:0, instance:testcases.TC2AddCustomer@35e52059]" started-at="2022-02-03T03:33:14Z" name="TC2addCustomer" data-provider="getData" finished-at="2022-02-03T03:33:15Z" duration-ms="675" status="PASS">
          <params>
            <param index="0">
              <value>
                <![CDATA[{alerttext=Customer added successfully, postcode=dfdsf, lastname=liz, firstname=Raman}]]>
              </value>
            </param>
          </params>
          <reporter-output>
          </reporter-output>
        </test-method> <!-- TC2addCustomer -->
        <test-method signature="TC2addCustomer(java.util.Hashtable)[pri:0, instance:testcases.TC2AddCustomer@35e52059]" started-at="2022-02-03T03:33:15Z" name="TC2addCustomer" data-provider="getData" finished-at="2022-02-03T03:33:15Z" duration-ms="216" status="PASS">
          <params>
            <param index="0">
              <value>
                <![CDATA[{alerttext=Customer added successfully, postcode=fgfg, lastname=jid, firstname=qwqa}]]>
              </value>
            </param>
          </params>
          <reporter-output>
          </reporter-output>
        </test-method> <!-- TC2addCustomer -->
        <test-method signature="TC2addCustomer(java.util.Hashtable)[pri:0, instance:testcases.TC2AddCustomer@35e52059]" started-at="2022-02-03T03:33:15Z" name="TC2addCustomer" data-provider="getData" finished-at="2022-02-03T03:33:15Z" duration-ms="239" status="PASS">
          <params>
            <param index="0">
              <value>
                <![CDATA[{alerttext=Customer added successfully, postcode=ghgf, lastname=tity, firstname=sfsdff}]]>
              </value>
            </param>
          </params>
          <reporter-output>
          </reporter-output>
        </test-method> <!-- TC2addCustomer -->
        <test-method signature="TC2addCustomer(java.util.Hashtable)[pri:0, instance:testcases.TC2AddCustomer@35e52059]" started-at="2022-02-03T03:33:15Z" name="TC2addCustomer" data-provider="getData" finished-at="2022-02-03T03:33:16Z" duration-ms="194" status="PASS">
          <params>
            <param index="0">
              <value>
                <![CDATA[{alerttext=Customer added successfully, postcode=hgg, lastname=fasi, firstname=cvcvxc}]]>
              </value>
            </param>
          </params>
          <reporter-output>
          </reporter-output>
        </test-method> <!-- TC2addCustomer -->
        <test-method signature="TC2addCustomer(java.util.Hashtable)[pri:0, instance:testcases.TC2AddCustomer@35e52059]" started-at="2022-02-03T03:33:16Z" name="TC2addCustomer" data-provider="getData" finished-at="2022-02-03T03:33:16Z" duration-ms="202" status="PASS">
          <params>
            <param index="0">
              <value>
                <![CDATA[{alerttext=Customer added successfully, postcode=hjh, lastname=binu, firstname=rety}]]>
              </value>
            </param>
          </params>
          <reporter-output>
          </reporter-output>
        </test-method> <!-- TC2addCustomer -->
        <test-method signature="TC2addCustomer(java.util.Hashtable)[pri:0, instance:testcases.TC2AddCustomer@35e52059]" started-at="2022-02-03T03:33:16Z" name="TC2addCustomer" data-provider="getData" finished-at="2022-02-03T03:33:16Z" duration-ms="210" status="PASS">
          <params>
            <param index="0">
              <value>
                <![CDATA[{alerttext=Customer added successfully, postcode=mhjk, lastname=bibi, firstname=cftg}]]>
              </value>
            </param>
          </params>
          <reporter-output>
          </reporter-output>
        </test-method> <!-- TC2addCustomer -->
      </class> <!-- testcases.TC2AddCustomer -->
    </test> <!-- Test -->
  </suite> <!-- Suite -->
</testng-results>
