<?xml version="1.0" encoding="UTF-8"?>
<testsuite name="Test"
           tests="6"
           failures="0"
           errors="0"
           skipped="0"
           time="1.736">
  <properties />
  
  
            <testcase name="TC2addCustomer" time="0.675" classname="testcases.TC2AddCustomer" />
                <testcase name="TC2addCustomer" time="0.202" classname="testcases.TC2AddCustomer" />
                <testcase name="TC2addCustomer" time="0.216" classname="testcases.TC2AddCustomer" />
                <testcase name="TC2addCustomer" time="0.239" classname="testcases.TC2AddCustomer" />
                <testcase name="TC2addCustomer" time="0.194" classname="testcases.TC2AddCustomer" />
                <testcase name="TC2addCustomer" time="0.210" classname="testcases.TC2AddCustomer" />
      
</testsuite>
